d:\1a编程存储地址\software\calculator\x64\debug\uic\ui_calculator.h
d:\1a编程存储地址\software\calculator\x64\debug\rcc\qrc_calculator.cpp
d:\1a编程存储地址\software\calculator\x64\debug\moc\moc_calculator.cpp
d:\1a编程存储地址\software\calculator\x64\debug\moc_calculator.obj
d:\1a编程存储地址\software\calculator\x64\debug\qrc_calculator.obj
d:\1a编程存储地址\software\calculator\x64\debug\vc143.pdb
d:\1a编程存储地址\software\calculator\x64\debug\main.obj
d:\1a编程存储地址\software\calculator\x64\debug\calculator.obj
d:\1a编程存储地址\software\calculator\x64\debug\calculator.exe
d:\1a编程存储地址\software\calculator\x64\debug\calculator.ilk
d:\1a编程存储地址\software\calculator\x64\debug\calculator.pdb
d:\1a编程存储地址\software\calculator\x64\debug\calculator.tlog\calculator.write.1u.tlog
d:\1a编程存储地址\software\calculator\x64\debug\calculator.tlog\cl.command.1.tlog
d:\1a编程存储地址\software\calculator\x64\debug\calculator.tlog\cl.items.tlog
d:\1a编程存储地址\software\calculator\x64\debug\calculator.tlog\cl.read.1.tlog
d:\1a编程存储地址\software\calculator\x64\debug\calculator.tlog\cl.write.1.tlog
d:\1a编程存储地址\software\calculator\x64\debug\calculator.tlog\link.command.1.tlog
d:\1a编程存储地址\software\calculator\x64\debug\calculator.tlog\link.read.1.tlog
d:\1a编程存储地址\software\calculator\x64\debug\calculator.tlog\link.write.1.tlog
d:\1a编程存储地址\software\calculator\x64\debug\calculator.tlog\moc.read.1u.tlog
d:\1a编程存储地址\software\calculator\x64\debug\calculator.tlog\moc.write.1u.tlog
d:\1a编程存储地址\software\calculator\x64\debug\calculator.tlog\rcc.read.1u.tlog
d:\1a编程存储地址\software\calculator\x64\debug\calculator.tlog\rcc.write.1u.tlog
d:\1a编程存储地址\software\calculator\x64\debug\calculator.tlog\uic.read.1u.tlog
d:\1a编程存储地址\software\calculator\x64\debug\calculator.tlog\uic.write.1u.tlog
